<?xml version="1.0" encoding="UTF-8"?>
<!-- Generated by org.testng.reporters.JUnitReportReporter -->
<testsuite skipped="0" hostname="PO-3296-5MSY1" name="com.hbt.semillero.servicios.ejb.GestionarSaldosTest" tests="6" failures="0" timestamp="30 oct 2019 18:40:14 GMT" time="0.220" errors="0">
  <testcase name="crearSaldoTest" time="0.001" classname="com.hbt.semillero.servicios.ejb.GestionarSaldosTest"/>
  <testcase name="modificarSaldoTest" time="0.001" classname="com.hbt.semillero.servicios.ejb.GestionarSaldosTest"/>
  <testcase name="eliminarSaldoTest" time="0.001" classname="com.hbt.semillero.servicios.ejb.GestionarSaldosTest"/>
  <testcase name="crearSaldosTest" time="0.029" classname="com.hbt.semillero.servicios.ejb.GestionarSaldosTest"/>
  <testcase name="recorrerSaldo" time="0.001" classname="com.hbt.semillero.servicios.ejb.GestionarSaldosTest"/>
  <testcase name="consultarSaldo" time="0.187" classname="com.hbt.semillero.servicios.ejb.GestionarSaldosTest"/>
</testsuite> <!-- com.hbt.semillero.servicios.ejb.GestionarSaldosTest -->
